<component name="libraryTable">
  <library name="junit-4.71">
    <CLASSES>
      <root url="jar://$PROJECT_DIR$/plugins/kettle-gpload-plugin/test-lib/junit-4.7.jar!/" />
    </CLASSES>
    <JAVADOC />
    <SOURCES />
  </library>
</component>